2017-07-18 02:02:11.430549 [36mI[0m [13375:70258729746800 logger.rb:37] [36mRack[0m -- Started -- { :method[0;37m => [0m[0;33m"GET"[0m, :path[0;37m => [0m[0;33m"/articles"[0m, :ip[0;37m => [0m[0;33m"127.0.0.1"[0m }
2017-07-18 02:02:11.576355 [32mD[0m [13375:70258729746800] [32mActiveRecord::Base[0m --   [1m[36mActiveRecord::SchemaMigration Load (0.1ms)[0m  [1mSELECT "schema_migrations".* FROM "schema_migrations"[0m
2017-07-18 02:02:11.591266 [32mD[0m [13375:70258729746800] [32mArticlesController[0m -- Processing #index
2017-07-18 02:02:11.610958 [32mD[0m [13375:70258729746800] [32mActiveRecord::Base[0m --   [1m[35mArticle Load (0.2ms)[0m  SELECT "articles".* FROM "articles"
2017-07-18 02:02:11.618144 [36mI[0m [13375:70258729746800 log_subscriber.rb:93] [36mActionView::Base[0m --   Rendered articles/index.html.erb within layouts/application (9.0ms)
2017-07-18 02:02:11.681032 [36mI[0m [13375:70258729746800 log_subscriber.rb:12] ([1m89.7ms[0m) [36mArticlesController[0m -- Completed #index -- { :controller[0;37m => [0m[0;33m"ArticlesController"[0m, :action[0;37m => [0m[0;33m"index"[0m, :format[0;37m => [0m[0;33m"HTML"[0m, :method[0;37m => [0m[0;33m"GET"[0m, :path[0;37m => [0m[0;33m"/articles"[0m, :status[0;37m => [0m[1;34m200[0m, :view_runtime[0;37m => [0m[1;34m77.24[0m, :db_runtime[0;37m => [0m[1;34m0.45[0m, :status_message[0;37m => [0m[0;33m"OK"[0m }
2017-07-18 02:02:12.790560 [36mI[0m [13375:70258729737440 logger.rb:37] [36mRack[0m -- Started -- { :method[0;37m => [0m[0;33m"GET"[0m, :path[0;37m => [0m[0;33m"/service-worker.js"[0m, :ip[0;37m => [0m[0;33m"127.0.0.1"[0m }
2017-07-18 02:02:12.793298 [31mF[0m [13375:70258729737440 debug_exceptions.rb:7] [31mRails[0m -- Exception: [31mActionController::RoutingError: No route matches [GET] "/service-worker.js"[0m
/Users/apple/.rvm/gems/ruby-2.2.2/gems/actionpack-4.1.4/lib/action_dispatch/middleware/debug_exceptions.rb:21:in `call'
/Users/apple/.rvm/gems/ruby-2.2.2/gems/actionpack-4.1.4/lib/action_dispatch/middleware/show_exceptions.rb:30:in `call'
/Users/apple/.rvm/gems/ruby-2.2.2/gems/railties-4.1.4/lib/rails/rack/logger.rb:38:in `call_app'
/Users/apple/.rvm/gems/ruby-2.2.2/gems/rails_semantic_logger-4.1.3/lib/rails_semantic_logger/extensions/rails/rack/logger.rb:21:in `call'
/Users/apple/.rvm/gems/ruby-2.2.2/gems/actionpack-4.1.4/lib/action_dispatch/middleware/request_id.rb:21:in `call'
/Users/apple/.rvm/gems/ruby-2.2.2/gems/rack-1.5.5/lib/rack/methodoverride.rb:21:in `call'
/Users/apple/.rvm/gems/ruby-2.2.2/gems/rack-1.5.5/lib/rack/runtime.rb:17:in `call'
/Users/apple/.rvm/gems/ruby-2.2.2/gems/activesupport-4.1.4/lib/active_support/cache/strategy/local_cache_middleware.rb:26:in `call'
/Users/apple/.rvm/gems/ruby-2.2.2/gems/rack-1.5.5/lib/rack/lock.rb:17:in `call'
/Users/apple/.rvm/gems/ruby-2.2.2/gems/actionpack-4.1.4/lib/action_dispatch/middleware/static.rb:64:in `call'
/Users/apple/.rvm/gems/ruby-2.2.2/gems/rack-1.5.5/lib/rack/sendfile.rb:112:in `call'
/Users/apple/.rvm/gems/ruby-2.2.2/gems/railties-4.1.4/lib/rails/engine.rb:514:in `call'
/Users/apple/.rvm/gems/ruby-2.2.2/gems/railties-4.1.4/lib/rails/application.rb:144:in `call'
/Users/apple/.rvm/gems/ruby-2.2.2/gems/rack-1.5.5/lib/rack/lock.rb:17:in `call'
/Users/apple/.rvm/gems/ruby-2.2.2/gems/rack-1.5.5/lib/rack/content_length.rb:14:in `call'
/Users/apple/.rvm/gems/ruby-2.2.2/gems/rack-1.5.5/lib/rack/handler/webrick.rb:60:in `service'
/Users/apple/.rvm/rubies/ruby-2.2.2/lib/ruby/2.2.0/webrick/httpserver.rb:138:in `service'
/Users/apple/.rvm/rubies/ruby-2.2.2/lib/ruby/2.2.0/webrick/httpserver.rb:94:in `run'
/Users/apple/.rvm/rubies/ruby-2.2.2/lib/ruby/2.2.0/webrick/server.rb:294:in `block in start_thread'
2017-07-18 02:02:12.844084 [36mI[0m [13375:70258729737440 log_subscriber.rb:93] [36mActionView::Base[0m --   Rendered /Users/apple/.rvm/gems/ruby-2.2.2/gems/actionpack-4.1.4/lib/action_dispatch/middleware/templates/rescues/_trace.html.erb (1.6ms)
2017-07-18 02:02:12.874765 [36mI[0m [13375:70258729737440 log_subscriber.rb:93] [36mActionView::Base[0m --   Rendered /Users/apple/.rvm/gems/ruby-2.2.2/gems/actionpack-4.1.4/lib/action_dispatch/middleware/templates/routes/_route.html.erb (2.7ms)
2017-07-18 02:02:12.903144 [36mI[0m [13375:70258729737440 log_subscriber.rb:93] [36mActionView::Base[0m --   Rendered /Users/apple/.rvm/gems/ruby-2.2.2/gems/actionpack-4.1.4/lib/action_dispatch/middleware/templates/routes/_table.html.erb (7.2ms)
2017-07-18 02:02:12.903419 [36mI[0m [13375:70258729737440 log_subscriber.rb:93] [36mActionView::Base[0m --   Rendered /Users/apple/.rvm/gems/ruby-2.2.2/gems/actionpack-4.1.4/lib/action_dispatch/middleware/templates/rescues/routing_error.html.erb within rescues/layout (85.0ms)
